  GridNode.cpp
C:\Users\karth\Documents\Visual Studio 2019\Projects\UGV\GridNode.cpp(47,33): warning C4244: 'argument': conversion from 'int' to 'float', possible loss of data
  Node.cpp
C:\Users\karth\Documents\Visual Studio 2019\Projects\UGV\GridNode.cpp(46,47): warning C4244: 'argument': conversion from 'int' to 'float', possible loss of data
C:\Users\karth\Documents\Visual Studio 2019\Projects\UGV\Node.cpp(31,24): warning C4244: '=': conversion from 'double' to '_Ty1', possible loss of data
C:\Users\karth\Documents\Visual Studio 2019\Projects\UGV\Node.cpp(31,24): warning C4244:         with
C:\Users\karth\Documents\Visual Studio 2019\Projects\UGV\Node.cpp(31,24): warning C4244:         [
C:\Users\karth\Documents\Visual Studio 2019\Projects\UGV\Node.cpp(31,24): warning C4244:             _Ty1=__int64
C:\Users\karth\Documents\Visual Studio 2019\Projects\UGV\Node.cpp(31,24): warning C4244:         ]
C:\Users\karth\Documents\Visual Studio 2019\Projects\UGV\Node.cpp(32,25): warning C4244: '=': conversion from 'double' to '_Ty2', possible loss of data
C:\Users\karth\Documents\Visual Studio 2019\Projects\UGV\Node.cpp(32,25): warning C4244:         with
C:\Users\karth\Documents\Visual Studio 2019\Projects\UGV\Node.cpp(32,25): warning C4244:         [
C:\Users\karth\Documents\Visual Studio 2019\Projects\UGV\Node.cpp(32,25): warning C4244:             _Ty2=__int64
C:\Users\karth\Documents\Visual Studio 2019\Projects\UGV\Node.cpp(32,25): warning C4244:         ]
C:\Program Files (x86)\Microsoft Visual Studio\2019\Community\VC\Tools\MSVC\14.23.28105\include\utility(127,16): warning C4244: 'initializing': conversion from '_Ty' to '_Ty1', possible loss of data
C:\Program Files (x86)\Microsoft Visual Studio\2019\Community\VC\Tools\MSVC\14.23.28105\include\utility(127,16): warning C4244:         with
C:\Program Files (x86)\Microsoft Visual Studio\2019\Community\VC\Tools\MSVC\14.23.28105\include\utility(127,16): warning C4244:         [
C:\Program Files (x86)\Microsoft Visual Studio\2019\Community\VC\Tools\MSVC\14.23.28105\include\utility(127,16): warning C4244:             _Ty=double
C:\Program Files (x86)\Microsoft Visual Studio\2019\Community\VC\Tools\MSVC\14.23.28105\include\utility(127,16): warning C4244:         ]
C:\Program Files (x86)\Microsoft Visual Studio\2019\Community\VC\Tools\MSVC\14.23.28105\include\utility(127,16): warning C4244:         and
C:\Program Files (x86)\Microsoft Visual Studio\2019\Community\VC\Tools\MSVC\14.23.28105\include\utility(127,16): warning C4244:         [
C:\Program Files (x86)\Microsoft Visual Studio\2019\Community\VC\Tools\MSVC\14.23.28105\include\utility(127,16): warning C4244:             _Ty1=__int64
C:\Program Files (x86)\Microsoft Visual Studio\2019\Community\VC\Tools\MSVC\14.23.28105\include\utility(127,16): warning C4244:         ]
C:\Users\karth\Documents\Visual Studio 2019\Projects\UGV\Node.cpp(10): message : see reference to function template instantiation 'std::pair<__int64,__int64>::pair<double,double,0>(_Other1 &&,_Other2 &&) noexcept' being compiled
C:\Users\karth\Documents\Visual Studio 2019\Projects\UGV\Node.cpp(10): message :         with
C:\Users\karth\Documents\Visual Studio 2019\Projects\UGV\Node.cpp(10): message :         [
C:\Users\karth\Documents\Visual Studio 2019\Projects\UGV\Node.cpp(10): message :             _Other1=double,
C:\Users\karth\Documents\Visual Studio 2019\Projects\UGV\Node.cpp(10): message :             _Other2=double
C:\Users\karth\Documents\Visual Studio 2019\Projects\UGV\Node.cpp(10): message :         ]
C:\Users\karth\Documents\Visual Studio 2019\Projects\UGV\Node.cpp(10): message : see reference to function template instantiation 'std::pair<__int64,__int64>::pair<double,double,0>(_Other1 &&,_Other2 &&) noexcept' being compiled
C:\Users\karth\Documents\Visual Studio 2019\Projects\UGV\Node.cpp(10): message :         with
C:\Users\karth\Documents\Visual Studio 2019\Projects\UGV\Node.cpp(10): message :         [
C:\Users\karth\Documents\Visual Studio 2019\Projects\UGV\Node.cpp(10): message :             _Other1=double,
C:\Users\karth\Documents\Visual Studio 2019\Projects\UGV\Node.cpp(10): message :             _Other2=double
C:\Users\karth\Documents\Visual Studio 2019\Projects\UGV\Node.cpp(10): message :         ]
  Generating Code...
C:\Program Files (x86)\Microsoft Visual Studio\2019\Community\VC\Tools\MSVC\14.23.28105\include\utility(127,1): warning C4244: 'initializing': conversion from '_Ty' to '_Ty2', possible loss of data
C:\Program Files (x86)\Microsoft Visual Studio\2019\Community\VC\Tools\MSVC\14.23.28105\include\utility(127,1): warning C4244:         with
C:\Program Files (x86)\Microsoft Visual Studio\2019\Community\VC\Tools\MSVC\14.23.28105\include\utility(127,1): warning C4244:         [
C:\Program Files (x86)\Microsoft Visual Studio\2019\Community\VC\Tools\MSVC\14.23.28105\include\utility(127,1): warning C4244:             _Ty=double
C:\Program Files (x86)\Microsoft Visual Studio\2019\Community\VC\Tools\MSVC\14.23.28105\include\utility(127,1): warning C4244:         ]
C:\Program Files (x86)\Microsoft Visual Studio\2019\Community\VC\Tools\MSVC\14.23.28105\include\utility(127,1): warning C4244:         and
C:\Program Files (x86)\Microsoft Visual Studio\2019\Community\VC\Tools\MSVC\14.23.28105\include\utility(127,1): warning C4244:         [
C:\Program Files (x86)\Microsoft Visual Studio\2019\Community\VC\Tools\MSVC\14.23.28105\include\utility(127,1): warning C4244:             _Ty2=__int64
C:\Program Files (x86)\Microsoft Visual Studio\2019\Community\VC\Tools\MSVC\14.23.28105\include\utility(127,1): warning C4244:         ]
MSVCRTD.lib(exe_main.obj) : error LNK2019: unresolved external symbol _main referenced in function "int __cdecl invoke_main(void)" (?invoke_main@@YAHXZ)
C:\Users\karth\Documents\Visual Studio 2019\Projects\UGV\Debug\UGV.exe : fatal error LNK1120: 1 unresolved externals
